<?xml version="1.0" encoding="UTF-8"?>
<!-- Generated by org.testng.reporters.JUnitReportReporter -->
<testsuite hostname="bittech-PC" name="com.Parameter" tests="1" failures="0" timestamp="27 Aug 2015 23:51:00 GMT" time="18.155" errors="0">
  <testcase name="test" time="18.155" classname="com.Parameter"/>
</testsuite> <!-- com.Parameter -->
