<?xml version="1.0" encoding="UTF-8"?>
<!-- Generated by org.testng.reporters.JUnitReportReporter -->
<testsuite hostname="bittech-PC" name="AboutAnnotation" tests="2" failures="0" timestamp="24 Mar 2015 22:44:18 GMT" time="0.002" errors="0">
  <testcase name="testCase1" time="0.001" classname="AboutAnnotation"/>
  <testcase name="testCase2" time="0.001" classname="AboutAnnotation"/>
</testsuite> <!-- AboutAnnotation -->
