<?xml version="1.0" encoding="UTF-8"?>
<!-- Generated by org.testng.reporters.JUnitReportReporter -->
<testsuite hostname="bittech-PC" name="Grouping" tests="1" failures="0" timestamp="24 Mar 2015 22:50:27 GMT" time="0.007" errors="0">
  <testcase name="Car2" time="0.007" classname="Grouping"/>
</testsuite> <!-- Grouping -->
