<?xml version="1.0" encoding="UTF-8"?>
<!-- Generated by org.testng.reporters.JUnitReportReporter -->
<testsuite hostname="bittech-PC" name="com.AboutAnnotation" tests="1" failures="0" timestamp="27 Aug 2015 23:45:36 GMT" time="0.003" errors="0">
  <testcase name="testCase2" time="0.003" classname="com.AboutAnnotation"/>
</testsuite> <!-- com.AboutAnnotation -->
