<?xml version="1.0" encoding="UTF-8"?>
<!-- Generated by org.testng.reporters.JUnitReportReporter -->
<testsuite hostname="bittech-PC" name="com.Grouping" tests="3" failures="0" timestamp="24 Mar 2015 22:54:39 GMT" time="0.010" errors="0">
  <testcase name="Car2" time="0.001" classname="com.Grouping"/>
  <testcase name="Sedan1" time="0.001" classname="com.Grouping"/>
  <testcase name="Car1" time="0.008" classname="com.Grouping"/>
</testsuite> <!-- com.Grouping -->
