<?xml version="1.0" encoding="UTF-8"?>
<!-- Generated by org.testng.reporters.JUnitReportReporter -->
<testsuite hostname="Munna" name="testNG.mailCorrespendings" tests="2" failures="0" timestamp="7 Jun 2015 06:06:16 GMT" time="0.003" errors="0">
  <testcase name="sendingMail" time="0.001" classname="testNG.mailCorrespendings"/>
  <testcase name="receivingMail" time="0.002" classname="testNG.mailCorrespendings"/>
</testsuite> <!-- testNG.mailCorrespendings -->
