<?xml version="1.0" encoding="UTF-8"?>
<!-- Generated by org.testng.reporters.JUnitReportReporter -->
<testsuite hostname="Munna" name="practicePain.ScreenShoot" tests="2" failures="0" timestamp="17 Jun 2015 12:15:40 GMT" time="3.761" errors="0">
  <testcase name="selectDropBox" time="3.096" classname="practicePain.ScreenShoot"/>
  <testcase name="test" time="0.665" classname="practicePain.ScreenShoot"/>
</testsuite> <!-- practicePain.ScreenShoot -->
