<?xml version="1.0" encoding="UTF-8"?>
<!-- Generated by org.testng.reporters.JUnitReportReporter -->
<testsuite hostname="Munna" name="practicePain.ScrollDown" tests="1" failures="0" timestamp="11 Jun 2015 04:23:39 GMT" time="15.348" errors="0">
  <testcase name="Scroll_Page" time="15.348" classname="practicePain.ScrollDown"/>
</testsuite> <!-- practicePain.ScrollDown -->
