<?xml version="1.0" encoding="UTF-8"?>
<!-- Generated by org.testng.reporters.JUnitReportReporter -->
<testsuite hostname="Munna" name="practicePain.DropDown" tests="1" failures="0" timestamp="17 Jun 2015 12:10:36 GMT" time="2.804" errors="0">
  <testcase name="selectDropBox" time="2.804" classname="practicePain.DropDown"/>
</testsuite> <!-- practicePain.DropDown -->
