<?xml version="1.0" encoding="UTF-8"?>
<!-- Generated by org.testng.reporters.JUnitReportReporter -->
<testsuite hostname="Munna" name="hardPain.ScreenShoot" tests="2" failures="0" timestamp="17 Jun 2015 12:33:21 GMT" time="9.312" errors="0">
  <testcase name="dropBoxTest" time="8.795" classname="hardPain.ScreenShoot"/>
  <testcase name="screenShoot" time="0.517" classname="hardPain.ScreenShoot"/>
</testsuite> <!-- hardPain.ScreenShoot -->
