<?xml version="1.0" encoding="UTF-8"?>
<!-- Generated by org.testng.reporters.JUnitReportReporter -->
<testsuite hostname="Munna" name="hardPain.DropDownBox" tests="1" failures="0" timestamp="17 Jun 2015 11:54:07 GMT" time="16.629" errors="0">
  <testcase name="test" time="16.629" classname="hardPain.DropDownBox"/>
</testsuite> <!-- hardPain.DropDownBox -->
